[0.000000] (-) TimerEvent: {}
[0.000382] (demo_cpp_tf) JobQueued: {'identifier': 'demo_cpp_tf', 'dependencies': OrderedDict()}
[0.000449] (demo_cpp_tf) JobStarted: {'identifier': 'demo_cpp_tf'}
[0.005831] (demo_cpp_tf) JobProgress: {'identifier': 'demo_cpp_tf', 'progress': 'cmake'}
[0.007758] (demo_cpp_tf) JobProgress: {'identifier': 'demo_cpp_tf', 'progress': 'build'}
[0.007826] (demo_cpp_tf) Command: {'cmd': ['/usr/bin/cmake', '--build', '/home/emmm/Desktop/rm/ROS2/learn/chapter5/tf_ws/build/demo_cpp_tf', '--', '-j12', '-l12'], 'cwd': '/home/emmm/Desktop/rm/ROS2/learn/chapter5/tf_ws/build/demo_cpp_tf', 'env': OrderedDict([('LANGUAGE', 'en_US:en'), ('USER', 'emmm'), ('LC_TIME', 'zh_CN.UTF-8'), ('XDG_SESSION_TYPE', 'wayland'), ('GIT_ASKPASS', '/usr/share/code/resources/app/extensions/git/dist/askpass.sh'), ('SHLVL', '2'), ('LD_LIBRARY_PATH', '/opt/ros/humble/opt/rviz_ogre_vendor/lib:/opt/ros/humble/lib/x86_64-linux-gnu:/opt/ros/humble/lib'), ('OLDPWD', '/home/emmm/Desktop/rm/ROS2/learn/chapter5/tf_ws/src'), ('HOME', '/home/emmm'), ('LESS', '-R'), ('CONDA_SHLVL', '0'), ('CHROME_DESKTOP', 'code-url-handler.desktop'), ('DESKTOP_SESSION', 'ubuntu'), ('TERM_PROGRAM_VERSION', '1.86.2'), ('ZSH', '/home/emmm/.oh-my-zsh'), ('LSCOLORS', 'Gxfxcxdxbxegedabagacad'), ('GTK_MODULES', 'gail:atk-bridge'), ('GNOME_SHELL_SESSION_MODE', 'ubuntu'), ('PAGER', 'less'), ('ROS_PYTHON_VERSION', '3'), ('VSCODE_GIT_ASKPASS_MAIN', '/usr/share/code/resources/app/extensions/git/dist/askpass-main.js'), ('LC_MONETARY', 'zh_CN.UTF-8'), ('VSCODE_GIT_ASKPASS_NODE', '/usr/share/code/code'), ('SYSTEMD_EXEC_PID', '1766'), ('DBUS_SESSION_BUS_ADDRESS', 'unix:path=/run/user/1000/bus,guid=3d87b2093c56fde8184198846987b6d1'), ('DBUS_STARTER_BUS_TYPE', 'session'), ('COLORTERM', 'truecolor'), ('_CE_M', ''), ('_CONDA_ROOT', '/home/emmm/miniconda3'), ('WAYLAND_DISPLAY', 'wayland-0'), ('ROS_DISTRO', 'humble'), ('COLCON_PREFIX_PATH', '/home/emmm/Desktop/rm/ROS2/learn/chapter5/tf_ws/install'), ('LOGNAME', 'emmm'), ('_', '/usr/bin/colcon'), ('XDG_SESSION_CLASS', 'user'), ('ROS_VERSION', '2'), ('USER_ZDOTDIR', '/home/emmm'), ('USERNAME', 'emmm'), ('TERM', 'xterm-256color'), ('GNOME_DESKTOP_SESSION_ID', 'this-is-deprecated'), ('_CE_CONDA', ''), ('ROS_LOCALHOST_ONLY', '0'), ('PATH', '/home/emmm/.local/bin:/home/emmm/.local/bin:/opt/ros/humble/bin:/home/emmm/miniconda3/condabin:/usr/local/sbin:/usr/local/bin:/usr/sbin:/usr/bin:/sbin:/bin:/usr/games:/usr/local/games:/snap/bin:/snap/bin'), ('SESSION_MANAGER', 'local/emmm:@/tmp/.ICE-unix/1766,unix/emmm:/tmp/.ICE-unix/1766'), ('PAPERSIZE', 'a4'), ('GNOME_TERMINAL_SCREEN', '/org/gnome/Terminal/screen/e25ab14d_1e09_4be8_b170_1465e64580a2'), ('XDG_MENU_PREFIX', 'gnome-'), ('GNOME_SETUP_DISPLAY', ':1'), ('XDG_RUNTIME_DIR', '/run/user/1000'), ('LC_ADDRESS', 'zh_CN.UTF-8'), ('GDK_BACKEND', 'x11'), ('DISPLAY', ':0'), ('LANG', 'en_US.UTF-8'), ('XDG_CURRENT_DESKTOP', 'Unity'), ('LC_TELEPHONE', 'zh_CN.UTF-8'), ('VSCODE_INJECTION', '1'), ('XDG_SESSION_DESKTOP', 'ubuntu'), ('GNOME_TERMINAL_SERVICE', ':1.186'), ('XMODIFIERS', '@im=ibus'), ('XAUTHORITY', '/run/user/1000/.mutter-Xwaylandauth.WHNIK3'), ('LS_COLORS', 'rs=0:di=01;34:ln=01;36:mh=00:pi=40;33:so=01;35:do=01;35:bd=40;33;01:cd=40;33;01:or=40;31;01:mi=00:su=37;41:sg=30;43:ca=30;41:tw=30;42:ow=34;42:st=37;44:ex=01;32:*.tar=01;31:*.tgz=01;31:*.arc=01;31:*.arj=01;31:*.taz=01;31:*.lha=01;31:*.lz4=01;31:*.lzh=01;31:*.lzma=01;31:*.tlz=01;31:*.txz=01;31:*.tzo=01;31:*.t7z=01;31:*.zip=01;31:*.z=01;31:*.dz=01;31:*.gz=01;31:*.lrz=01;31:*.lz=01;31:*.lzo=01;31:*.xz=01;31:*.zst=01;31:*.tzst=01;31:*.bz2=01;31:*.bz=01;31:*.tbz=01;31:*.tbz2=01;31:*.tz=01;31:*.deb=01;31:*.rpm=01;31:*.jar=01;31:*.war=01;31:*.ear=01;31:*.sar=01;31:*.rar=01;31:*.alz=01;31:*.ace=01;31:*.zoo=01;31:*.cpio=01;31:*.7z=01;31:*.rz=01;31:*.cab=01;31:*.wim=01;31:*.swm=01;31:*.dwm=01;31:*.esd=01;31:*.jpg=01;35:*.jpeg=01;35:*.mjpg=01;35:*.mjpeg=01;35:*.gif=01;35:*.bmp=01;35:*.pbm=01;35:*.pgm=01;35:*.ppm=01;35:*.tga=01;35:*.xbm=01;35:*.xpm=01;35:*.tif=01;35:*.tiff=01;35:*.png=01;35:*.svg=01;35:*.svgz=01;35:*.mng=01;35:*.pcx=01;35:*.mov=01;35:*.mpg=01;35:*.mpeg=01;35:*.m2v=01;35:*.mkv=01;35:*.webm=01;35:*.webp=01;35:*.ogm=01;35:*.mp4=01;35:*.m4v=01;35:*.mp4v=01;35:*.vob=01;35:*.qt=01;35:*.nuv=01;35:*.wmv=01;35:*.asf=01;35:*.rm=01;35:*.rmvb=01;35:*.flc=01;35:*.avi=01;35:*.fli=01;35:*.flv=01;35:*.gl=01;35:*.dl=01;35:*.xcf=01;35:*.xwd=01;35:*.yuv=01;35:*.cgm=01;35:*.emf=01;35:*.ogv=01;35:*.ogx=01;35:*.aac=00;36:*.au=00;36:*.flac=00;36:*.m4a=00;36:*.mid=00;36:*.midi=00;36:*.mka=00;36:*.mp3=00;36:*.mpc=00;36:*.ogg=00;36:*.ra=00;36:*.wav=00;36:*.oga=00;36:*.opus=00;36:*.spx=00;36:*.xspf=00;36:'), ('TERM_PROGRAM', 'vscode'), ('VSCODE_GIT_IPC_HANDLE', '/run/user/1000/vscode-git-aa0c8e5a06.sock'), ('SSH_AUTH_SOCK', '/run/user/1000/keyring/ssh'), ('SSH_AGENT_LAUNCHER', 'gnome-keyring'), ('CONDA_PYTHON_EXE', '/home/emmm/miniconda3/bin/python'), ('AMENT_PREFIX_PATH', '/home/emmm/Desktop/rm/ROS2/learn/chapter5/tf_ws/install/demo_cpp_tf:/opt/ros/humble'), ('ORIGINAL_XDG_CURRENT_DESKTOP', 'ubuntu:GNOME'), ('SHELL', '/bin/zsh'), ('LC_NAME', 'zh_CN.UTF-8'), ('QT_ACCESSIBILITY', '1'), ('GDMSESSION', 'ubuntu'), ('LC_MEASUREMENT', 'zh_CN.UTF-8'), ('LC_IDENTIFICATION', 'zh_CN.UTF-8'), ('_CONDA_EXE', '/home/emmm/miniconda3/bin/conda'), ('QT_IM_MODULE', 'ibus'), ('VSCODE_GIT_ASKPASS_EXTRA_ARGS', ''), ('PWD', '/home/emmm/Desktop/rm/ROS2/learn/chapter5/tf_ws/build/demo_cpp_tf'), ('XDG_DATA_DIRS', '/usr/local/share/:/usr/share/:/var/lib/snapd/desktop'), ('DBUS_STARTER_ADDRESS', 'unix:path=/run/user/1000/bus,guid=3d87b2093c56fde8184198846987b6d1'), ('CONDA_EXE', '/home/emmm/miniconda3/bin/conda'), ('ZDOTDIR', '/home/emmm'), ('LC_NUMERIC', 'zh_CN.UTF-8'), ('PYTHONPATH', '/opt/ros/humble/lib/python3.10/site-packages:/opt/ros/humble/local/lib/python3.10/dist-packages'), ('LC_PAPER', 'zh_CN.UTF-8'), ('COLCON', '1'), ('VTE_VERSION', '6800'), ('CMAKE_PREFIX_PATH', '/home/emmm/Desktop/rm/ROS2/learn/chapter5/tf_ws/install/demo_cpp_tf:/opt/ros/humble')]), 'shell': False}
[0.038347] (demo_cpp_tf) StdoutLine: {'line': b'-- Found ament_cmake: 1.3.12 (/opt/ros/humble/share/ament_cmake/cmake)\n'}
[0.099503] (-) TimerEvent: {}
[0.145635] (demo_cpp_tf) StdoutLine: {'line': b'-- Found rclcpp: 16.0.17 (/opt/ros/humble/share/rclcpp/cmake)\n'}
[0.165786] (demo_cpp_tf) StdoutLine: {'line': b'-- Found rosidl_generator_c: 3.1.8 (/opt/ros/humble/share/rosidl_generator_c/cmake)\n'}
[0.167290] (demo_cpp_tf) StdoutLine: {'line': b'-- Found rosidl_adapter: 3.1.8 (/opt/ros/humble/share/rosidl_adapter/cmake)\n'}
[0.172832] (demo_cpp_tf) StdoutLine: {'line': b'-- Found rosidl_generator_cpp: 3.1.8 (/opt/ros/humble/share/rosidl_generator_cpp/cmake)\n'}
[0.179043] (demo_cpp_tf) StdoutLine: {'line': b'-- Using all available rosidl_typesupport_c: rosidl_typesupport_fastrtps_c;rosidl_typesupport_introspection_c\n'}
[0.187050] (demo_cpp_tf) StdoutLine: {'line': b'-- Using all available rosidl_typesupport_cpp: rosidl_typesupport_fastrtps_cpp;rosidl_typesupport_introspection_cpp\n'}
[0.199614] (-) TimerEvent: {}
[0.208063] (demo_cpp_tf) StdoutLine: {'line': b'-- Found rmw_implementation_cmake: 6.1.2 (/opt/ros/humble/share/rmw_implementation_cmake/cmake)\n'}
[0.208924] (demo_cpp_tf) StdoutLine: {'line': b'-- Found rmw_fastrtps_cpp: 6.2.9 (/opt/ros/humble/share/rmw_fastrtps_cpp/cmake)\n'}
[0.283349] (demo_cpp_tf) StdoutLine: {'line': b"-- Using RMW implementation 'rmw_fastrtps_cpp' as default\n"}
[0.299819] (-) TimerEvent: {}
[0.321259] (demo_cpp_tf) StdoutLine: {'line': b'-- Found tf2_ros: 0.25.18 (/opt/ros/humble/share/tf2_ros/cmake)\n'}
[0.385164] (demo_cpp_tf) StdoutLine: {'line': b'-- Found tf2_geometry_msgs: 0.25.18 (/opt/ros/humble/share/tf2_geometry_msgs/cmake)\n'}
[0.387643] (demo_cpp_tf) StdoutLine: {'line': b'-- Found eigen3_cmake_module: 0.1.1 (/opt/ros/humble/share/eigen3_cmake_module/cmake)\n'}
[0.388634] (demo_cpp_tf) StdoutLine: {'line': b'-- Ensuring Eigen3 include directory is part of orocos-kdl CMake target\n'}
[0.390855] (demo_cpp_tf) StdoutLine: {'line': b'-- Found ament_lint_auto: 0.12.14 (/opt/ros/humble/share/ament_lint_auto/cmake)\n'}
[0.399961] (-) TimerEvent: {}
[0.439421] (demo_cpp_tf) StdoutLine: {'line': b"-- Added test 'cppcheck' to perform static code analysis on C / C++ code\n"}
[0.439681] (demo_cpp_tf) StdoutLine: {'line': b'-- Configured cppcheck include dirs: \n'}
[0.439790] (demo_cpp_tf) StdoutLine: {'line': b'-- Configured cppcheck exclude dirs and/or files: \n'}
[0.439942] (demo_cpp_tf) StdoutLine: {'line': b"-- Added test 'lint_cmake' to check CMake code style\n"}
[0.440265] (demo_cpp_tf) StdoutLine: {'line': b"-- Added test 'uncrustify' to check C / C++ code style\n"}
[0.440358] (demo_cpp_tf) StdoutLine: {'line': b'-- Configured uncrustify additional arguments: \n'}
[0.440471] (demo_cpp_tf) StdoutLine: {'line': b"-- Added test 'xmllint' to check XML markup files\n"}
[0.440922] (demo_cpp_tf) StdoutLine: {'line': b'-- Configuring done\n'}
[0.449967] (demo_cpp_tf) StdoutLine: {'line': b'-- Generating done\n'}
[0.454010] (demo_cpp_tf) StdoutLine: {'line': b'-- Build files have been written to: /home/emmm/Desktop/rm/ROS2/learn/chapter5/tf_ws/build/demo_cpp_tf\n'}
[0.479442] (demo_cpp_tf) StdoutLine: {'line': b'\x1b[35m\x1b[1mConsolidate compiler generated dependencies of target static_tf_broadcaster\x1b[0m\n'}
[0.487437] (demo_cpp_tf) StdoutLine: {'line': b'[ 25%] \x1b[32mBuilding CXX object CMakeFiles/dynamic_tf_broadcaster.dir/src/dynamic_tf_broadcaster.cpp.o\x1b[0m\n'}
[0.497832] (demo_cpp_tf) StdoutLine: {'line': b'[ 50%] \x1b[32mBuilding CXX object CMakeFiles/static_tf_broadcaster.dir/src/static_tf_broadcaster.cpp.o\x1b[0m\n'}
[0.500064] (-) TimerEvent: {}
[0.600450] (-) TimerEvent: {}
[0.700745] (-) TimerEvent: {}
[0.801092] (-) TimerEvent: {}
[0.902574] (-) TimerEvent: {}
[1.003139] (-) TimerEvent: {}
[1.103461] (-) TimerEvent: {}
[1.203800] (-) TimerEvent: {}
[1.304140] (-) TimerEvent: {}
[1.404507] (-) TimerEvent: {}
[1.504887] (-) TimerEvent: {}
[1.605217] (-) TimerEvent: {}
[1.705567] (-) TimerEvent: {}
[1.805939] (-) TimerEvent: {}
[1.906294] (-) TimerEvent: {}
[2.006652] (-) TimerEvent: {}
[2.106985] (-) TimerEvent: {}
[2.172736] (demo_cpp_tf) StderrLine: {'line': b'\x1b[01m\x1b[K/home/emmm/Desktop/rm/ROS2/learn/chapter5/tf_ws/src/demo_cpp_tf/src/dynamic_tf_broadcaster.cpp:17:1:\x1b[m\x1b[K \x1b[01;31m\x1b[Kerror: \x1b[m\x1b[Kexpected primary-expression before \xe2\x80\x98\x1b[01m\x1b[Kpublic\x1b[m\x1b[K\xe2\x80\x99\n'}
[2.172992] (demo_cpp_tf) StderrLine: {'line': b'   17 | \x1b[01;31m\x1b[Kpublic\x1b[m\x1b[K:\n'}
[2.173089] (demo_cpp_tf) StderrLine: {'line': b'      | \x1b[01;31m\x1b[K^~~~~~\x1b[m\x1b[K\n'}
[2.173176] (demo_cpp_tf) StderrLine: {'line': b'\x1b[01m\x1b[K/home/emmm/Desktop/rm/ROS2/learn/chapter5/tf_ws/src/demo_cpp_tf/src/dynamic_tf_broadcaster.cpp:15:34:\x1b[m\x1b[K \x1b[01;31m\x1b[Kerror: \x1b[m\x1b[Kbit-field \xe2\x80\x98\x1b[01m\x1b[Ktimer_\x1b[m\x1b[K\xe2\x80\x99 with non-integral type \xe2\x80\x98\x1b[01m\x1b[Krclcpp::TimerBase::SharedPtr\x1b[m\x1b[K\xe2\x80\x99 {aka \xe2\x80\x98\x1b[01m\x1b[Kstd::shared_ptr<rclcpp::TimerBase>\x1b[m\x1b[K\xe2\x80\x99}\n'}
[2.173266] (demo_cpp_tf) StderrLine: {'line': b'   15 |     rclcpp::TimerBase::SharedPtr \x1b[01;31m\x1b[Ktimer_\x1b[m\x1b[K:\n'}
[2.173348] (demo_cpp_tf) StderrLine: {'line': b'      |                                  \x1b[01;31m\x1b[K^~~~~~\x1b[m\x1b[K\n'}
[2.173431] (demo_cpp_tf) StderrLine: {'line': b'\x1b[01m\x1b[K/home/emmm/Desktop/rm/ROS2/learn/chapter5/tf_ws/src/demo_cpp_tf/src/dynamic_tf_broadcaster.cpp:15:40:\x1b[m\x1b[K \x1b[01;31m\x1b[Kerror: \x1b[m\x1b[Kexpected \xe2\x80\x98\x1b[01m\x1b[K;\x1b[m\x1b[K\xe2\x80\x99 at end of member declaration\n'}
[2.173513] (demo_cpp_tf) StderrLine: {'line': b'   15 |     rclcpp::TimerBase::SharedPtr timer_\x1b[01;31m\x1b[K:\x1b[m\x1b[K\n'}
[2.173592] (demo_cpp_tf) StderrLine: {'line': b'      |                                        \x1b[01;31m\x1b[K^\x1b[m\x1b[K\n'}
[2.173670] (demo_cpp_tf) StderrLine: {'line': b'      |                                         \x1b[32m\x1b[K;\x1b[m\x1b[K\n'}
[2.176803] (demo_cpp_tf) StderrLine: {'line': b'\x1b[01m\x1b[K/home/emmm/Desktop/rm/ROS2/learn/chapter5/tf_ws/src/demo_cpp_tf/src/dynamic_tf_broadcaster.cpp:\x1b[m\x1b[K In constructor \xe2\x80\x98\x1b[01m\x1b[KTFBroadcaster::TFBroadcaster()\x1b[m\x1b[K\xe2\x80\x99:\n'}
[2.176952] (demo_cpp_tf) StderrLine: {'line': b'\x1b[01m\x1b[K/home/emmm/Desktop/rm/ROS2/learn/chapter5/tf_ws/src/demo_cpp_tf/src/dynamic_tf_broadcaster.cpp:23:9:\x1b[m\x1b[K \x1b[01;31m\x1b[Kerror: \x1b[m\x1b[K\xe2\x80\x98\x1b[01m\x1b[Ktimer_\x1b[m\x1b[K\xe2\x80\x99 was not declared in this scope; did you mean \xe2\x80\x98\x1b[01m\x1b[Ktimer_t\x1b[m\x1b[K\xe2\x80\x99?\n'}
[2.177052] (demo_cpp_tf) StderrLine: {'line': b'   23 |         \x1b[01;31m\x1b[Ktimer_\x1b[m\x1b[K = this->create_wall_timer(100ms, std::bind(&TFBroadcaster::publish_tf, this));\n'}
[2.177134] (demo_cpp_tf) StderrLine: {'line': b'      |         \x1b[01;31m\x1b[K^~~~~~\x1b[m\x1b[K\n'}
[2.177211] (demo_cpp_tf) StderrLine: {'line': b'      |         \x1b[32m\x1b[Ktimer_t\x1b[m\x1b[K\n'}
[2.207093] (-) TimerEvent: {}
[2.307415] (-) TimerEvent: {}
[2.407874] (-) TimerEvent: {}
[2.508270] (-) TimerEvent: {}
[2.608705] (-) TimerEvent: {}
[2.707220] (demo_cpp_tf) StderrLine: {'line': b'gmake[2]: *** [CMakeFiles/dynamic_tf_broadcaster.dir/build.make:76: CMakeFiles/dynamic_tf_broadcaster.dir/src/dynamic_tf_broadcaster.cpp.o] Error 1\n'}
[2.707550] (demo_cpp_tf) StderrLine: {'line': b'gmake[1]: *** [CMakeFiles/Makefile2:165: CMakeFiles/dynamic_tf_broadcaster.dir/all] Error 2\n'}
[2.707661] (demo_cpp_tf) StderrLine: {'line': b'gmake[1]: *** Waiting for unfinished jobs....\n'}
[2.708952] (-) TimerEvent: {}
[2.809360] (-) TimerEvent: {}
[2.909692] (-) TimerEvent: {}
[3.010031] (-) TimerEvent: {}
[3.110456] (-) TimerEvent: {}
[3.210880] (-) TimerEvent: {}
[3.311175] (-) TimerEvent: {}
[3.328783] (demo_cpp_tf) StdoutLine: {'line': b'[ 75%] \x1b[32m\x1b[1mLinking CXX executable static_tf_broadcaster\x1b[0m\n'}
[3.411318] (-) TimerEvent: {}
[3.477863] (demo_cpp_tf) StdoutLine: {'line': b'[ 75%] Built target static_tf_broadcaster\n'}
[3.479309] (demo_cpp_tf) StderrLine: {'line': b'gmake: *** [Makefile:146: all] Error 2\n'}
[3.481869] (demo_cpp_tf) CommandEnded: {'returncode': 2}
[3.492276] (demo_cpp_tf) JobEnded: {'identifier': 'demo_cpp_tf', 'rc': 2}
[3.503099] (-) EventReactorShutdown: {}
