[0.012s] Invoking command in '/home/emmm/Desktop/rm/ROS2/learn/chapter2/session3_ws/build/learn_pkg': CMAKE_PREFIX_PATH=${CMAKE_PREFIX_PATH}:/opt/ros/humble /usr/bin/cmake --build /home/emmm/Desktop/rm/ROS2/learn/chapter2/session3_ws/build/learn_pkg -- -j12 -l12
[0.064s] [35m[1mConsolidate compiler generated dependencies of target learn_thread[0m
[0.067s] [ 20%] Built target learn_auto
[0.070s] [ 40%] Built target learn_shared_ptr
[0.072s] [ 60%] Built target learn_lambda
[0.077s] [ 70%] [32mBuilding CXX object CMakeFiles/learn_functional.dir/src/learn_functional.cpp.o[0m
[0.084s] [ 80%] [32mBuilding CXX object CMakeFiles/learn_thread.dir/src/learn_thread.cpp.o[0m
[0.427s] [ 90%] [32m[1mLinking CXX executable learn_functional[0m
[0.515s] [ 90%] Built target learn_functional
[3.302s] [100%] [32m[1mLinking CXX executable learn_thread[0m
[3.430s] /usr/bin/ld: CMakeFiles/learn_thread.dir/src/learn_thread.cpp.o: in function `httplib::detail::ssl_delete(std::mutex&, ssl_st*, bool)':
[3.430s] learn_thread.cpp:(.text._ZN7httplib6detail10ssl_deleteERSt5mutexP6ssl_stb[_ZN7httplib6detail10ssl_deleteERSt5mutexP6ssl_stb]+0x37): undefined reference to `SSL_shutdown'
[3.430s] /usr/bin/ld: learn_thread.cpp:(.text._ZN7httplib6detail10ssl_deleteERSt5mutexP6ssl_stb[_ZN7httplib6detail10ssl_deleteERSt5mutexP6ssl_stb]+0x56): undefined reference to `SSL_free'
[3.431s] /usr/bin/ld: CMakeFiles/learn_thread.dir/src/learn_thread.cpp.o: in function `httplib::detail::SSLInit::SSLInit()':
[3.431s] learn_thread.cpp:(.text._ZN7httplib6detail7SSLInitC2Ev[_ZN7httplib6detail7SSLInitC5Ev]+0x1b): undefined reference to `OPENSSL_init_ssl'
[3.431s] /usr/bin/ld: CMakeFiles/learn_thread.dir/src/learn_thread.cpp.o: in function `httplib::detail::SSLSocketStream::SSLSocketStream(int, ssl_st*, long, long, long, long)':
[3.431s] learn_thread.cpp:(.text._ZN7httplib6detail15SSLSocketStreamC2EiP6ssl_stllll[_ZN7httplib6detail15SSLSocketStreamC5EiP6ssl_stllll]+0x9b): undefined reference to `SSL_ctrl'
[3.431s] /usr/bin/ld: CMakeFiles/learn_thread.dir/src/learn_thread.cpp.o: in function `httplib::detail::SSLSocketStream::read(char*, unsigned long)':
[3.431s] learn_thread.cpp:(.text._ZN7httplib6detail15SSLSocketStream4readEPcm[_ZN7httplib6detail15SSLSocketStream4readEPcm]+0x33): undefined reference to `SSL_pending'
[3.431s] /usr/bin/ld: learn_thread.cpp:(.text._ZN7httplib6detail15SSLSocketStream4readEPcm[_ZN7httplib6detail15SSLSocketStream4readEPcm]+0x59): undefined reference to `SSL_read'
[3.431s] /usr/bin/ld: learn_thread.cpp:(.text._ZN7httplib6detail15SSLSocketStream4readEPcm[_ZN7httplib6detail15SSLSocketStream4readEPcm]+0x9c): undefined reference to `SSL_read'
[3.431s] /usr/bin/ld: learn_thread.cpp:(.text._ZN7httplib6detail15SSLSocketStream4readEPcm[_ZN7httplib6detail15SSLSocketStream4readEPcm]+0xbe): undefined reference to `SSL_get_error'
[3.431s] /usr/bin/ld: learn_thread.cpp:(.text._ZN7httplib6detail15SSLSocketStream4readEPcm[_ZN7httplib6detail15SSLSocketStream4readEPcm]+0xdd): undefined reference to `SSL_pending'
[3.431s] /usr/bin/ld: learn_thread.cpp:(.text._ZN7httplib6detail15SSLSocketStream4readEPcm[_ZN7httplib6detail15SSLSocketStream4readEPcm]+0x103): undefined reference to `SSL_read'
[3.431s] /usr/bin/ld: learn_thread.cpp:(.text._ZN7httplib6detail15SSLSocketStream4readEPcm[_ZN7httplib6detail15SSLSocketStream4readEPcm]+0x168): undefined reference to `SSL_read'
[3.431s] /usr/bin/ld: learn_thread.cpp:(.text._ZN7httplib6detail15SSLSocketStream4readEPcm[_ZN7httplib6detail15SSLSocketStream4readEPcm]+0x18d): undefined reference to `SSL_get_error'
[3.431s] /usr/bin/ld: CMakeFiles/learn_thread.dir/src/learn_thread.cpp.o: in function `httplib::detail::SSLSocketStream::write(char const*, unsigned long)':
[3.431s] learn_thread.cpp:(.text._ZN7httplib6detail15SSLSocketStream5writeEPKcm[_ZN7httplib6detail15SSLSocketStream5writeEPKcm]+0x80): undefined reference to `SSL_write'
[3.431s] /usr/bin/ld: learn_thread.cpp:(.text._ZN7httplib6detail15SSLSocketStream5writeEPKcm[_ZN7httplib6detail15SSLSocketStream5writeEPKcm]+0xa2): undefined reference to `SSL_get_error'
[3.432s] /usr/bin/ld: learn_thread.cpp:(.text._ZN7httplib6detail15SSLSocketStream5writeEPKcm[_ZN7httplib6detail15SSLSocketStream5writeEPKcm]+0x10c): undefined reference to `SSL_write'
[3.432s] /usr/bin/ld: learn_thread.cpp:(.text._ZN7httplib6detail15SSLSocketStream5writeEPKcm[_ZN7httplib6detail15SSLSocketStream5writeEPKcm]+0x131): undefined reference to `SSL_get_error'
[3.432s] /usr/bin/ld: CMakeFiles/learn_thread.dir/src/learn_thread.cpp.o: in function `httplib::SSLServer::~SSLServer()':
[3.432s] learn_thread.cpp:(.text._ZN7httplib9SSLServerD2Ev[_ZN7httplib9SSLServerD5Ev]+0x3d): undefined reference to `SSL_CTX_free'
[3.432s] /usr/bin/ld: CMakeFiles/learn_thread.dir/src/learn_thread.cpp.o: in function `httplib::SSLServer::process_and_close_socket(int)::{lambda(ssl_st*)#1}::operator()(ssl_st*) const':
[3.432s] learn_thread.cpp:(.text._ZZN7httplib9SSLServer24process_and_close_socketEiENKUlP6ssl_stE_clES2_[_ZZN7httplib9SSLServer24process_and_close_socketEiENKUlP6ssl_stE_clES2_]+0x42): undefined reference to `SSL_accept'
[3.432s] /usr/bin/ld: CMakeFiles/learn_thread.dir/src/learn_thread.cpp.o: in function `httplib::SSLClient::~SSLClient()':
[3.432s] learn_thread.cpp:(.text._ZN7httplib9SSLClientD2Ev[_ZN7httplib9SSLClientD5Ev]+0x3d): undefined reference to `SSL_CTX_free'
[3.433s] /usr/bin/ld: CMakeFiles/learn_thread.dir/src/learn_thread.cpp.o: in function `bool httplib::detail::ssl_connect_or_accept_nonblocking<int (*)(ssl_st*)>(int, ssl_st*, int (*)(ssl_st*), long, long)':
[3.433s] learn_thread.cpp:(.text._ZN7httplib6detail33ssl_connect_or_accept_nonblockingIPFiP6ssl_stEEEbiS3_T_ll[_ZN7httplib6detail33ssl_connect_or_accept_nonblockingIPFiP6ssl_stEEEbiS3_T_ll]+0x35): undefined reference to `SSL_get_error'
[3.433s] /usr/bin/ld: CMakeFiles/learn_thread.dir/src/learn_thread.cpp.o: in function `ssl_st* httplib::detail::ssl_new<httplib::SSLServer::process_and_close_socket(int)::{lambda(ssl_st*)#1}, httplib::SSLServer::process_and_close_socket(int)::{lambda(ssl_st*)#2}>(int, ssl_ctx_st*, std::mutex&, httplib::SSLServer::process_and_close_socket(int)::{lambda(ssl_st*)#1}, httplib::SSLServer::process_and_close_socket(int)::{lambda(ssl_st*)#2})':
[3.433s] learn_thread.cpp:(.text._ZN7httplib6detail7ssl_newIZNS_9SSLServer24process_and_close_socketEiEUlP6ssl_stE_ZNS2_24process_and_close_socketEiEUlS4_E0_EES4_iP10ssl_ctx_stRSt5mutexT_T0_[_ZN7httplib6detail7ssl_newIZNS_9SSLServer24process_and_close_socketEiEUlP6ssl_stE_ZNS2_24process_and_close_socketEiEUlS4_E0_EES4_iP10ssl_ctx_stRSt5mutexT_T0_]+0x5b): undefined reference to `SSL_new'
[3.433s] /usr/bin/ld: learn_thread.cpp:(.text._ZN7httplib6detail7ssl_newIZNS_9SSLServer24process_and_close_socketEiEUlP6ssl_stE_ZNS2_24process_and_close_socketEiEUlS4_E0_EES4_iP10ssl_ctx_stRSt5mutexT_T0_[_ZN7httplib6detail7ssl_newIZNS_9SSLServer24process_and_close_socketEiEUlP6ssl_stE_ZNS2_24process_and_close_socketEiEUlS4_E0_EES4_iP10ssl_ctx_stRSt5mutexT_T0_]+0x94): undefined reference to `BIO_new_socket'
[3.433s] /usr/bin/ld: learn_thread.cpp:(.text._ZN7httplib6detail7ssl_newIZNS_9SSLServer24process_and_close_socketEiEUlP6ssl_stE_ZNS2_24process_and_close_socketEiEUlS4_E0_EES4_iP10ssl_ctx_stRSt5mutexT_T0_[_ZN7httplib6detail7ssl_newIZNS_9SSLServer24process_and_close_socketEiEUlP6ssl_stE_ZNS2_24process_and_close_socketEiEUlS4_E0_EES4_iP10ssl_ctx_stRSt5mutexT_T0_]+0xb3): undefined reference to `BIO_ctrl'
[3.433s] /usr/bin/ld: learn_thread.cpp:(.text._ZN7httplib6detail7ssl_newIZNS_9SSLServer24process_and_close_socketEiEUlP6ssl_stE_ZNS2_24process_and_close_socketEiEUlS4_E0_EES4_iP10ssl_ctx_stRSt5mutexT_T0_[_ZN7httplib6detail7ssl_newIZNS_9SSLServer24process_and_close_socketEiEUlP6ssl_stE_ZNS2_24process_and_close_socketEiEUlS4_E0_EES4_iP10ssl_ctx_stRSt5mutexT_T0_]+0xca): undefined reference to `SSL_set_bio'
[3.433s] /usr/bin/ld: learn_thread.cpp:(.text._ZN7httplib6detail7ssl_newIZNS_9SSLServer24process_and_close_socketEiEUlP6ssl_stE_ZNS2_24process_and_close_socketEiEUlS4_E0_EES4_iP10ssl_ctx_stRSt5mutexT_T0_[_ZN7httplib6detail7ssl_newIZNS_9SSLServer24process_and_close_socketEiEUlP6ssl_stE_ZNS2_24process_and_close_socketEiEUlS4_E0_EES4_iP10ssl_ctx_stRSt5mutexT_T0_]+0x11b): undefined reference to `SSL_shutdown'
[3.433s] /usr/bin/ld: learn_thread.cpp:(.text._ZN7httplib6detail7ssl_newIZNS_9SSLServer24process_and_close_socketEiEUlP6ssl_stE_ZNS2_24process_and_close_socketEiEUlS4_E0_EES4_iP10ssl_ctx_stRSt5mutexT_T0_[_ZN7httplib6detail7ssl_newIZNS_9SSLServer24process_and_close_socketEiEUlP6ssl_stE_ZNS2_24process_and_close_socketEiEUlS4_E0_EES4_iP10ssl_ctx_stRSt5mutexT_T0_]+0x13a): undefined reference to `SSL_free'
[3.433s] /usr/bin/ld: learn_thread.cpp:(.text._ZN7httplib6detail7ssl_newIZNS_9SSLServer24process_and_close_socketEiEUlP6ssl_stE_ZNS2_24process_and_close_socketEiEUlS4_E0_EES4_iP10ssl_ctx_stRSt5mutexT_T0_[_ZN7httplib6detail7ssl_newIZNS_9SSLServer24process_and_close_socketEiEUlP6ssl_stE_ZNS2_24process_and_close_socketEiEUlS4_E0_EES4_iP10ssl_ctx_stRSt5mutexT_T0_]+0x177): undefined reference to `BIO_ctrl'
[3.447s] collect2: error: ld returned 1 exit status
[3.448s] gmake[2]: *** [CMakeFiles/learn_thread.dir/build.make:151: learn_thread] Error 1
[3.448s] gmake[1]: *** [CMakeFiles/Makefile2:249: CMakeFiles/learn_thread.dir/all] Error 2
[3.448s] gmake: *** [Makefile:146: all] Error 2
[3.450s] Invoked command in '/home/emmm/Desktop/rm/ROS2/learn/chapter2/session3_ws/build/learn_pkg' returned '2': CMAKE_PREFIX_PATH=${CMAKE_PREFIX_PATH}:/opt/ros/humble /usr/bin/cmake --build /home/emmm/Desktop/rm/ROS2/learn/chapter2/session3_ws/build/learn_pkg -- -j12 -l12
