[0.012s] Invoking command in '/home/emmm/Desktop/rm/ROS2/learn/chapter4/action_ws/build/example_action_rclcpp': AMENT_PREFIX_PATH=/home/emmm/Desktop/rm/ROS2/learn/chapter4/action_ws/install/robot_control_interfaces:${AMENT_PREFIX_PATH} CMAKE_PREFIX_PATH=/home/emmm/Desktop/rm/ROS2/learn/chapter4/action_ws/install/robot_control_interfaces:/opt/ros/humble LD_LIBRARY_PATH=/home/emmm/Desktop/rm/ROS2/learn/chapter4/action_ws/install/robot_control_interfaces/lib:${LD_LIBRARY_PATH} PYTHONPATH=/home/emmm/Desktop/rm/ROS2/learn/chapter4/action_ws/install/robot_control_interfaces/local/lib/python3.10/dist-packages:${PYTHONPATH} /usr/bin/cmake --build /home/emmm/Desktop/rm/ROS2/learn/chapter4/action_ws/build/example_action_rclcpp -- -j12 -l12
[0.062s] [35m[1mConsolidate compiler generated dependencies of target action_control[0m
[0.062s] [35m[1mConsolidate compiler generated dependencies of target action_robot[0m
[0.081s] [ 50%] Built target action_control
[0.083s] [ 75%] [32mBuilding CXX object CMakeFiles/action_robot.dir/src/action_robot.cpp.o[0m
[2.857s] [100%] [32m[1mLinking CXX executable action_robot[0m
[3.013s] /usr/bin/ld: CMakeFiles/action_robot.dir/src/action_robot.cpp.o: in function `ActionRobot::handle_cancel(std::shared_ptr<rclcpp_action::ServerGoalHandle<robot_control_interfaces::action::MoveRobot> >)':
[3.013s] action_robot.cpp:(.text._ZN11ActionRobot13handle_cancelESt10shared_ptrIN13rclcpp_action16ServerGoalHandleIN24robot_control_interfaces6action9MoveRobotEEEE[_ZN11ActionRobot13handle_cancelESt10shared_ptrIN13rclcpp_action16ServerGoalHandleIN24robot_control_interfaces6action9MoveRobotEEEE]+0x1ab): undefined reference to `Robot::stop_move()'
[3.013s] /usr/bin/ld: CMakeFiles/action_robot.dir/src/action_robot.cpp.o: in function `ActionRobot::execute_move(std::shared_ptr<rclcpp_action::ServerGoalHandle<robot_control_interfaces::action::MoveRobot> >)':
[3.013s] action_robot.cpp:(.text._ZN11ActionRobot12execute_moveESt10shared_ptrIN13rclcpp_action16ServerGoalHandleIN24robot_control_interfaces6action9MoveRobotEEEE[_ZN11ActionRobot12execute_moveESt10shared_ptrIN13rclcpp_action16ServerGoalHandleIN24robot_control_interfaces6action9MoveRobotEEEE]+0x238): undefined reference to `Robot::set_goal(float)'
[3.013s] /usr/bin/ld: action_robot.cpp:(.text._ZN11ActionRobot12execute_moveESt10shared_ptrIN13rclcpp_action16ServerGoalHandleIN24robot_control_interfaces6action9MoveRobotEEEE[_ZN11ActionRobot12execute_moveESt10shared_ptrIN13rclcpp_action16ServerGoalHandleIN24robot_control_interfaces6action9MoveRobotEEEE]+0x252): undefined reference to `Robot::move_step()'
[3.014s] /usr/bin/ld: action_robot.cpp:(.text._ZN11ActionRobot12execute_moveESt10shared_ptrIN13rclcpp_action16ServerGoalHandleIN24robot_control_interfaces6action9MoveRobotEEEE[_ZN11ActionRobot12execute_moveESt10shared_ptrIN13rclcpp_action16ServerGoalHandleIN24robot_control_interfaces6action9MoveRobotEEEE]+0x276): undefined reference to `Robot::get_current_pose()'
[3.014s] /usr/bin/ld: action_robot.cpp:(.text._ZN11ActionRobot12execute_moveESt10shared_ptrIN13rclcpp_action16ServerGoalHandleIN24robot_control_interfaces6action9MoveRobotEEEE[_ZN11ActionRobot12execute_moveESt10shared_ptrIN13rclcpp_action16ServerGoalHandleIN24robot_control_interfaces6action9MoveRobotEEEE]+0x2a0): undefined reference to `Robot::get_status()'
[3.014s] /usr/bin/ld: action_robot.cpp:(.text._ZN11ActionRobot12execute_moveESt10shared_ptrIN13rclcpp_action16ServerGoalHandleIN24robot_control_interfaces6action9MoveRobotEEEE[_ZN11ActionRobot12execute_moveESt10shared_ptrIN13rclcpp_action16ServerGoalHandleIN24robot_control_interfaces6action9MoveRobotEEEE]+0x334): undefined reference to `Robot::get_current_pose()'
[3.014s] /usr/bin/ld: action_robot.cpp:(.text._ZN11ActionRobot12execute_moveESt10shared_ptrIN13rclcpp_action16ServerGoalHandleIN24robot_control_interfaces6action9MoveRobotEEEE[_ZN11ActionRobot12execute_moveESt10shared_ptrIN13rclcpp_action16ServerGoalHandleIN24robot_control_interfaces6action9MoveRobotEEEE]+0x6ea): undefined reference to `Robot::close_goal()'
[3.014s] /usr/bin/ld: action_robot.cpp:(.text._ZN11ActionRobot12execute_moveESt10shared_ptrIN13rclcpp_action16ServerGoalHandleIN24robot_control_interfaces6action9MoveRobotEEEE[_ZN11ActionRobot12execute_moveESt10shared_ptrIN13rclcpp_action16ServerGoalHandleIN24robot_control_interfaces6action9MoveRobotEEEE]+0x730): undefined reference to `Robot::get_current_pose()'
[3.023s] collect2: error: ld returned 1 exit status
[3.024s] gmake[2]: *** [CMakeFiles/action_robot.dir/build.make:185: action_robot] Error 1
[3.025s] gmake[1]: *** [CMakeFiles/Makefile2:139: CMakeFiles/action_robot.dir/all] Error 2
[3.025s] gmake: *** [Makefile:146: all] Error 2
[3.027s] Invoked command in '/home/emmm/Desktop/rm/ROS2/learn/chapter4/action_ws/build/example_action_rclcpp' returned '2': AMENT_PREFIX_PATH=/home/emmm/Desktop/rm/ROS2/learn/chapter4/action_ws/install/robot_control_interfaces:${AMENT_PREFIX_PATH} CMAKE_PREFIX_PATH=/home/emmm/Desktop/rm/ROS2/learn/chapter4/action_ws/install/robot_control_interfaces:/opt/ros/humble LD_LIBRARY_PATH=/home/emmm/Desktop/rm/ROS2/learn/chapter4/action_ws/install/robot_control_interfaces/lib:${LD_LIBRARY_PATH} PYTHONPATH=/home/emmm/Desktop/rm/ROS2/learn/chapter4/action_ws/install/robot_control_interfaces/local/lib/python3.10/dist-packages:${PYTHONPATH} /usr/bin/cmake --build /home/emmm/Desktop/rm/ROS2/learn/chapter4/action_ws/build/example_action_rclcpp -- -j12 -l12
