-- Found ament_cmake: 1.3.12 (/opt/ros/humble/share/ament_cmake/cmake)
-- Found rclcpp: 16.0.17 (/opt/ros/humble/share/rclcpp/cmake)
-- Found rosidl_generator_c: 3.1.8 (/opt/ros/humble/share/rosidl_generator_c/cmake)
-- Found rosidl_adapter: 3.1.8 (/opt/ros/humble/share/rosidl_adapter/cmake)
-- Found rosidl_generator_cpp: 3.1.8 (/opt/ros/humble/share/rosidl_generator_cpp/cmake)
-- Using all available rosidl_typesupport_c: rosidl_typesupport_fastrtps_c;rosidl_typesupport_introspection_c
-- Using all available rosidl_typesupport_cpp: rosidl_typesupport_fastrtps_cpp;rosidl_typesupport_introspection_cpp
-- Found rmw_implementation_cmake: 6.1.2 (/opt/ros/humble/share/rmw_implementation_cmake/cmake)
-- Found rmw_fastrtps_cpp: 6.2.9 (/opt/ros/humble/share/rmw_fastrtps_cpp/cmake)
-- Using RMW implementation 'rmw_fastrtps_cpp' as default
-- Found ament_lint_auto: 0.12.14 (/opt/ros/humble/share/ament_lint_auto/cmake)
-- Added test 'cppcheck' to perform static code analysis on C / C++ code
-- Configured cppcheck include dirs: /home/emmm/Desktop/rm/ROS2/learn/chapter2/session3_ws/src/learn_pkg/include
-- Configured cppcheck exclude dirs and/or files: 
-- Added test 'flake8' to check Python code syntax and style conventions
-- Added test 'lint_cmake' to check CMake code style
-- Added test 'pep257' to check Python code against some of the docstring style conventions in PEP 257
-- Added test 'uncrustify' to check C / C++ code style
-- Configured uncrustify additional arguments: 
-- Added test 'xmllint' to check XML markup files
-- Configuring done
-- Generating done
-- Build files have been written to: /home/emmm/Desktop/rm/ROS2/learn/chapter2/session3_ws/build/learn_pkg
[35m[1mConsolidate compiler generated dependencies of target learn_thread[0m
[35m[1mConsolidate compiler generated dependencies of target learn_auto[0m
[35m[1mConsolidate compiler generated dependencies of target learn_shared_ptr[0m
[35m[1mConsolidate compiler generated dependencies of target learn_lambda[0m
[35m[1mConsolidate compiler generated dependencies of target learn_functional[0m
[ 20%] Built target learn_auto
[ 40%] Built target learn_shared_ptr
[ 50%] [32mBuilding CXX object CMakeFiles/learn_thread.dir/src/learn_thread.cpp.o[0m
[ 70%] Built target learn_functional
[ 90%] Built target learn_lambda
[100%] [32m[1mLinking CXX executable learn_thread[0m
/usr/bin/ld: CMakeFiles/learn_thread.dir/src/learn_thread.cpp.o: in function `httplib::detail::ssl_delete(std::mutex&, ssl_st*, bool)':
learn_thread.cpp:(.text._ZN7httplib6detail10ssl_deleteERSt5mutexP6ssl_stb[_ZN7httplib6detail10ssl_deleteERSt5mutexP6ssl_stb]+0x37): undefined reference to `SSL_shutdown'
/usr/bin/ld: learn_thread.cpp:(.text._ZN7httplib6detail10ssl_deleteERSt5mutexP6ssl_stb[_ZN7httplib6detail10ssl_deleteERSt5mutexP6ssl_stb]+0x56): undefined reference to `SSL_free'
/usr/bin/ld: CMakeFiles/learn_thread.dir/src/learn_thread.cpp.o: in function `httplib::detail::SSLInit::SSLInit()':
learn_thread.cpp:(.text._ZN7httplib6detail7SSLInitC2Ev[_ZN7httplib6detail7SSLInitC5Ev]+0x1b): undefined reference to `OPENSSL_init_ssl'
/usr/bin/ld: CMakeFiles/learn_thread.dir/src/learn_thread.cpp.o: in function `httplib::detail::SSLSocketStream::SSLSocketStream(int, ssl_st*, long, long, long, long)':
learn_thread.cpp:(.text._ZN7httplib6detail15SSLSocketStreamC2EiP6ssl_stllll[_ZN7httplib6detail15SSLSocketStreamC5EiP6ssl_stllll]+0x9b): undefined reference to `SSL_ctrl'
/usr/bin/ld: CMakeFiles/learn_thread.dir/src/learn_thread.cpp.o: in function `httplib::detail::SSLSocketStream::read(char*, unsigned long)':
learn_thread.cpp:(.text._ZN7httplib6detail15SSLSocketStream4readEPcm[_ZN7httplib6detail15SSLSocketStream4readEPcm]+0x33): undefined reference to `SSL_pending'
/usr/bin/ld: learn_thread.cpp:(.text._ZN7httplib6detail15SSLSocketStream4readEPcm[_ZN7httplib6detail15SSLSocketStream4readEPcm]+0x59): undefined reference to `SSL_read'
/usr/bin/ld: learn_thread.cpp:(.text._ZN7httplib6detail15SSLSocketStream4readEPcm[_ZN7httplib6detail15SSLSocketStream4readEPcm]+0x9c): undefined reference to `SSL_read'
/usr/bin/ld: learn_thread.cpp:(.text._ZN7httplib6detail15SSLSocketStream4readEPcm[_ZN7httplib6detail15SSLSocketStream4readEPcm]+0xbe): undefined reference to `SSL_get_error'
/usr/bin/ld: learn_thread.cpp:(.text._ZN7httplib6detail15SSLSocketStream4readEPcm[_ZN7httplib6detail15SSLSocketStream4readEPcm]+0xdd): undefined reference to `SSL_pending'
/usr/bin/ld: learn_thread.cpp:(.text._ZN7httplib6detail15SSLSocketStream4readEPcm[_ZN7httplib6detail15SSLSocketStream4readEPcm]+0x103): undefined reference to `SSL_read'
/usr/bin/ld: learn_thread.cpp:(.text._ZN7httplib6detail15SSLSocketStream4readEPcm[_ZN7httplib6detail15SSLSocketStream4readEPcm]+0x168): undefined reference to `SSL_read'
/usr/bin/ld: learn_thread.cpp:(.text._ZN7httplib6detail15SSLSocketStream4readEPcm[_ZN7httplib6detail15SSLSocketStream4readEPcm]+0x18d): undefined reference to `SSL_get_error'
/usr/bin/ld: CMakeFiles/learn_thread.dir/src/learn_thread.cpp.o: in function `httplib::detail::SSLSocketStream::write(char const*, unsigned long)':
learn_thread.cpp:(.text._ZN7httplib6detail15SSLSocketStream5writeEPKcm[_ZN7httplib6detail15SSLSocketStream5writeEPKcm]+0x80): undefined reference to `SSL_write'
/usr/bin/ld: learn_thread.cpp:(.text._ZN7httplib6detail15SSLSocketStream5writeEPKcm[_ZN7httplib6detail15SSLSocketStream5writeEPKcm]+0xa2): undefined reference to `SSL_get_error'
/usr/bin/ld: learn_thread.cpp:(.text._ZN7httplib6detail15SSLSocketStream5writeEPKcm[_ZN7httplib6detail15SSLSocketStream5writeEPKcm]+0x10c): undefined reference to `SSL_write'
/usr/bin/ld: learn_thread.cpp:(.text._ZN7httplib6detail15SSLSocketStream5writeEPKcm[_ZN7httplib6detail15SSLSocketStream5writeEPKcm]+0x131): undefined reference to `SSL_get_error'
/usr/bin/ld: CMakeFiles/learn_thread.dir/src/learn_thread.cpp.o: in function `httplib::SSLServer::~SSLServer()':
learn_thread.cpp:(.text._ZN7httplib9SSLServerD2Ev[_ZN7httplib9SSLServerD5Ev]+0x3d): undefined reference to `SSL_CTX_free'
/usr/bin/ld: CMakeFiles/learn_thread.dir/src/learn_thread.cpp.o: in function `httplib::SSLServer::process_and_close_socket(int)::{lambda(ssl_st*)#1}::operator()(ssl_st*) const':
learn_thread.cpp:(.text._ZZN7httplib9SSLServer24process_and_close_socketEiENKUlP6ssl_stE_clES2_[_ZZN7httplib9SSLServer24process_and_close_socketEiENKUlP6ssl_stE_clES2_]+0x42): undefined reference to `SSL_accept'
/usr/bin/ld: CMakeFiles/learn_thread.dir/src/learn_thread.cpp.o: in function `httplib::SSLClient::~SSLClient()':
learn_thread.cpp:(.text._ZN7httplib9SSLClientD2Ev[_ZN7httplib9SSLClientD5Ev]+0x3d): undefined reference to `SSL_CTX_free'
/usr/bin/ld: CMakeFiles/learn_thread.dir/src/learn_thread.cpp.o: in function `bool httplib::detail::ssl_connect_or_accept_nonblocking<int (*)(ssl_st*)>(int, ssl_st*, int (*)(ssl_st*), long, long)':
learn_thread.cpp:(.text._ZN7httplib6detail33ssl_connect_or_accept_nonblockingIPFiP6ssl_stEEEbiS3_T_ll[_ZN7httplib6detail33ssl_connect_or_accept_nonblockingIPFiP6ssl_stEEEbiS3_T_ll]+0x35): undefined reference to `SSL_get_error'
/usr/bin/ld: CMakeFiles/learn_thread.dir/src/learn_thread.cpp.o: in function `ssl_st* httplib::detail::ssl_new<httplib::SSLServer::process_and_close_socket(int)::{lambda(ssl_st*)#1}, httplib::SSLServer::process_and_close_socket(int)::{lambda(ssl_st*)#2}>(int, ssl_ctx_st*, std::mutex&, httplib::SSLServer::process_and_close_socket(int)::{lambda(ssl_st*)#1}, httplib::SSLServer::process_and_close_socket(int)::{lambda(ssl_st*)#2})':
learn_thread.cpp:(.text._ZN7httplib6detail7ssl_newIZNS_9SSLServer24process_and_close_socketEiEUlP6ssl_stE_ZNS2_24process_and_close_socketEiEUlS4_E0_EES4_iP10ssl_ctx_stRSt5mutexT_T0_[_ZN7httplib6detail7ssl_newIZNS_9SSLServer24process_and_close_socketEiEUlP6ssl_stE_ZNS2_24process_and_close_socketEiEUlS4_E0_EES4_iP10ssl_ctx_stRSt5mutexT_T0_]+0x5b): undefined reference to `SSL_new'
/usr/bin/ld: learn_thread.cpp:(.text._ZN7httplib6detail7ssl_newIZNS_9SSLServer24process_and_close_socketEiEUlP6ssl_stE_ZNS2_24process_and_close_socketEiEUlS4_E0_EES4_iP10ssl_ctx_stRSt5mutexT_T0_[_ZN7httplib6detail7ssl_newIZNS_9SSLServer24process_and_close_socketEiEUlP6ssl_stE_ZNS2_24process_and_close_socketEiEUlS4_E0_EES4_iP10ssl_ctx_stRSt5mutexT_T0_]+0x94): undefined reference to `BIO_new_socket'
/usr/bin/ld: learn_thread.cpp:(.text._ZN7httplib6detail7ssl_newIZNS_9SSLServer24process_and_close_socketEiEUlP6ssl_stE_ZNS2_24process_and_close_socketEiEUlS4_E0_EES4_iP10ssl_ctx_stRSt5mutexT_T0_[_ZN7httplib6detail7ssl_newIZNS_9SSLServer24process_and_close_socketEiEUlP6ssl_stE_ZNS2_24process_and_close_socketEiEUlS4_E0_EES4_iP10ssl_ctx_stRSt5mutexT_T0_]+0xb3): undefined reference to `BIO_ctrl'
/usr/bin/ld: learn_thread.cpp:(.text._ZN7httplib6detail7ssl_newIZNS_9SSLServer24process_and_close_socketEiEUlP6ssl_stE_ZNS2_24process_and_close_socketEiEUlS4_E0_EES4_iP10ssl_ctx_stRSt5mutexT_T0_[_ZN7httplib6detail7ssl_newIZNS_9SSLServer24process_and_close_socketEiEUlP6ssl_stE_ZNS2_24process_and_close_socketEiEUlS4_E0_EES4_iP10ssl_ctx_stRSt5mutexT_T0_]+0xca): undefined reference to `SSL_set_bio'
/usr/bin/ld: learn_thread.cpp:(.text._ZN7httplib6detail7ssl_newIZNS_9SSLServer24process_and_close_socketEiEUlP6ssl_stE_ZNS2_24process_and_close_socketEiEUlS4_E0_EES4_iP10ssl_ctx_stRSt5mutexT_T0_[_ZN7httplib6detail7ssl_newIZNS_9SSLServer24process_and_close_socketEiEUlP6ssl_stE_ZNS2_24process_and_close_socketEiEUlS4_E0_EES4_iP10ssl_ctx_stRSt5mutexT_T0_]+0x11b): undefined reference to `SSL_shutdown'
/usr/bin/ld: learn_thread.cpp:(.text._ZN7httplib6detail7ssl_newIZNS_9SSLServer24process_and_close_socketEiEUlP6ssl_stE_ZNS2_24process_and_close_socketEiEUlS4_E0_EES4_iP10ssl_ctx_stRSt5mutexT_T0_[_ZN7httplib6detail7ssl_newIZNS_9SSLServer24process_and_close_socketEiEUlP6ssl_stE_ZNS2_24process_and_close_socketEiEUlS4_E0_EES4_iP10ssl_ctx_stRSt5mutexT_T0_]+0x13a): undefined reference to `SSL_free'
/usr/bin/ld: learn_thread.cpp:(.text._ZN7httplib6detail7ssl_newIZNS_9SSLServer24process_and_close_socketEiEUlP6ssl_stE_ZNS2_24process_and_close_socketEiEUlS4_E0_EES4_iP10ssl_ctx_stRSt5mutexT_T0_[_ZN7httplib6detail7ssl_newIZNS_9SSLServer24process_and_close_socketEiEUlP6ssl_stE_ZNS2_24process_and_close_socketEiEUlS4_E0_EES4_iP10ssl_ctx_stRSt5mutexT_T0_]+0x177): undefined reference to `BIO_ctrl'
collect2: error: ld returned 1 exit status
gmake[2]: *** [CMakeFiles/learn_thread.dir/build.make:151: learn_thread] Error 1
gmake[1]: *** [CMakeFiles/Makefile2:249: CMakeFiles/learn_thread.dir/all] Error 2
gmake: *** [Makefile:146: all] Error 2
