[35m[1mConsolidate compiler generated dependencies of target one_message_subscribe[0m
[ 25%] Built target topic_publisher
[ 50%] Built target topic_subscribe
[ 62%] [32mBuilding CXX object CMakeFiles/one_message_publisher.dir/src/one_message_publisher.cpp.o[0m
[ 87%] Built target one_message_subscribe
[01m[K/home/emmm/Desktop/rm/ROS2/learn/chapter3/topic_ws/src/example_topic/src/one_message_publisher.cpp:[m[K In constructor â€˜[01m[KTopicPublisher::TopicPublisher(std::string)[m[Kâ€™:
[01m[K/home/emmm/Desktop/rm/ROS2/learn/chapter3/topic_ws/src/example_topic/src/one_message_publisher.cpp:8:62:[m[K [01;31m[Kerror: [m[Kclass â€˜[01m[KTopicPublisher[m[Kâ€™ does not have any field named â€˜[01m[Kmessage_published_[m[Kâ€™
    8 |     TopicPublisher(std::string node_name) : Node(node_name), [01;31m[Kmessage_published_[m[K(false) {
      |                                                              [01;31m[K^~~~~~~~~~~~~~~~~~[m[K
gmake[2]: *** [CMakeFiles/one_message_publisher.dir/build.make:76: CMakeFiles/one_message_publisher.dir/src/one_message_publisher.cpp.o] Error 1
gmake[1]: *** [CMakeFiles/Makefile2:169: CMakeFiles/one_message_publisher.dir/all] Error 2
gmake: *** [Makefile:146: all] Error 2
