[0.009s] Invoking command in '/home/emmm/Desktop/rm/ROS2/learn/chapter3/topic_ws/build/example_topic': CMAKE_PREFIX_PATH=${CMAKE_PREFIX_PATH}:/opt/ros/humble /usr/bin/cmake --build /home/emmm/Desktop/rm/ROS2/learn/chapter3/topic_ws/build/example_topic -- -j12 -l12
[0.062s] [35m[1mConsolidate compiler generated dependencies of target one_message_subscribe[0m
[0.070s] [ 25%] Built target topic_publisher
[0.073s] [ 50%] Built target topic_subscribe
[0.078s] [ 62%] [32mBuilding CXX object CMakeFiles/one_message_publisher.dir/src/one_message_publisher.cpp.o[0m
[0.085s] [ 87%] Built target one_message_subscribe
[1.587s] [01m[K/home/emmm/Desktop/rm/ROS2/learn/chapter3/topic_ws/src/example_topic/src/one_message_publisher.cpp:[m[K In constructor â€˜[01m[KTopicPublisher::TopicPublisher(std::string)[m[Kâ€™:
[1.587s] [01m[K/home/emmm/Desktop/rm/ROS2/learn/chapter3/topic_ws/src/example_topic/src/one_message_publisher.cpp:8:62:[m[K [01;31m[Kerror: [m[Kclass â€˜[01m[KTopicPublisher[m[Kâ€™ does not have any field named â€˜[01m[Kmessage_published_[m[Kâ€™
[1.587s]     8 |     TopicPublisher(std::string node_name) : Node(node_name), [01;31m[Kmessage_published_[m[K(false) {
[1.587s]       |                                                              [01;31m[K^~~~~~~~~~~~~~~~~~[m[K
[2.100s] gmake[2]: *** [CMakeFiles/one_message_publisher.dir/build.make:76: CMakeFiles/one_message_publisher.dir/src/one_message_publisher.cpp.o] Error 1
[2.100s] gmake[1]: *** [CMakeFiles/Makefile2:169: CMakeFiles/one_message_publisher.dir/all] Error 2
[2.100s] gmake: *** [Makefile:146: all] Error 2
[2.102s] Invoked command in '/home/emmm/Desktop/rm/ROS2/learn/chapter3/topic_ws/build/example_topic' returned '2': CMAKE_PREFIX_PATH=${CMAKE_PREFIX_PATH}:/opt/ros/humble /usr/bin/cmake --build /home/emmm/Desktop/rm/ROS2/learn/chapter3/topic_ws/build/example_topic -- -j12 -l12
