[01m[K/home/emmm/Desktop/rm/ROS2/learn/chapter2/session3_ws/src/learn_pkg/src/learn_thread.cpp:[m[K In function â€˜[01m[Kint main()[m[Kâ€™:
[01m[K/home/emmm/Desktop/rm/ROS2/learn/chapter2/session3_ws/src/learn_pkg/src/learn_thread.cpp:55:7:[m[K [01;31m[Kerror: [m[Kâ€˜[01m[Kclass Download[m[Kâ€™ has no member named â€˜[01m[Kstart_download[m[Kâ€™
   55 |     d.[01;31m[Kstart_download[m[K("http://httpbin.org", "/ip", word_count); // å°æ–‡ä»¶æµ‹è¯•
      |       [01;31m[K^~~~~~~~~~~~~~[m[K
[01m[K/home/emmm/Desktop/rm/ROS2/learn/chapter2/session3_ws/src/learn_pkg/src/learn_thread.cpp:57:7:[m[K [01;31m[Kerror: [m[Kâ€˜[01m[Kclass Download[m[Kâ€™ has no member named â€˜[01m[Kstart_download[m[Kâ€™
   57 |     d.[01;31m[Kstart_download[m[K("http://example.com", "/", word_count); // ç®€å•ç½‘é¡µæµ‹è¯•
      |       [01;31m[K^~~~~~~~~~~~~~[m[K
[01m[K/home/emmm/Desktop/rm/ROS2/learn/chapter2/session3_ws/src/learn_pkg/src/learn_thread.cpp:59:7:[m[K [01;31m[Kerror: [m[Kâ€˜[01m[Kclass Download[m[Kâ€™ has no member named â€˜[01m[Kstart_download[m[Kâ€™
   59 |     d.[01;31m[Kstart_download[m[K("https://jsonplaceholder.typicode.com", "/todos/1", word_count); // å°JSONæ•°æ®
      |       [01;31m[K^~~~~~~~~~~~~~[m[K
gmake[2]: *** [CMakeFiles/learn_thread.dir/build.make:76: CMakeFiles/learn_thread.dir/src/learn_thread.cpp.o] Error 1
gmake[1]: *** [CMakeFiles/Makefile2:249: CMakeFiles/learn_thread.dir/all] Error 2
gmake: *** [Makefile:146: all] Error 2
