[35m[1mConsolidate compiler generated dependencies of target parameters_basic[0m
[ 50%] [32mBuilding CXX object CMakeFiles/parameters_basic.dir/src/parameters_basic.cpp.o[0m
In file included from [01m[K/opt/ros/humble/include/rclcpp/rclcpp/client.hpp:40[m[K,
                 from [01m[K/opt/ros/humble/include/rclcpp/rclcpp/callback_group.hpp:24[m[K,
                 from [01m[K/opt/ros/humble/include/rclcpp/rclcpp/any_executable.hpp:20[m[K,
                 from [01m[K/opt/ros/humble/include/rclcpp/rclcpp/memory_strategy.hpp:25[m[K,
                 from [01m[K/opt/ros/humble/include/rclcpp/rclcpp/memory_strategies.hpp:18[m[K,
                 from [01m[K/opt/ros/humble/include/rclcpp/rclcpp/executor_options.hpp:20[m[K,
                 from [01m[K/opt/ros/humble/include/rclcpp/rclcpp/executor.hpp:37[m[K,
                 from [01m[K/opt/ros/humble/include/rclcpp/rclcpp/executors/multi_threaded_executor.hpp:25[m[K,
                 from [01m[K/opt/ros/humble/include/rclcpp/rclcpp/executors.hpp:21[m[K,
                 from [01m[K/opt/ros/humble/include/rclcpp/rclcpp/rclcpp.hpp:155[m[K,
                 from [01m[K/home/emmm/Desktop/rm/ROS2/learn/chapter4/param_ws/src/example_parameters_rclcpp/src/parameters_basic.cpp:2[m[K:
[01m[K/home/emmm/Desktop/rm/ROS2/learn/chapter4/param_ws/src/example_parameters_rclcpp/src/parameters_basic.cpp:[m[K In member function â€˜[01m[Kvoid ParametersBasicNode::timer_callback()[m[Kâ€™:
[01m[K/home/emmm/Desktop/rm/ROS2/learn/chapter4/param_ws/src/example_parameters_rclcpp/src/parameters_basic.cpp:38:5:[m[K [01;31m[Kerror: [m[Kexpected â€˜[01m[K;[m[Kâ€™ before â€˜[01m[Kdo[m[Kâ€™
   38 |     [01;31m[KRCLCPP_WARN[m[K(this->get_logger(), "è¿™æ˜¯WARNçº§åˆ«çš„æ—¥å¿—!");
      |     [01;31m[K^~~~~~~~~~~[m[K
gmake[2]: *** [CMakeFiles/parameters_basic.dir/build.make:76: CMakeFiles/parameters_basic.dir/src/parameters_basic.cpp.o] Error 1
gmake[1]: *** [CMakeFiles/Makefile2:137: CMakeFiles/parameters_basic.dir/all] Error 2
gmake: *** [Makefile:146: all] Error 2
