[01m[K/home/emmm/Desktop/rm/ROS2/learn/chapter5/tf_ws/src/demo_cpp_tf/src/dynamic_tf_broadcaster.cpp:17:1:[m[K [01;31m[Kerror: [m[Kexpected primary-expression before â€˜[01m[Kpublic[m[Kâ€™
   17 | [01;31m[Kpublic[m[K:
      | [01;31m[K^~~~~~[m[K
[01m[K/home/emmm/Desktop/rm/ROS2/learn/chapter5/tf_ws/src/demo_cpp_tf/src/dynamic_tf_broadcaster.cpp:15:34:[m[K [01;31m[Kerror: [m[Kbit-field â€˜[01m[Ktimer_[m[Kâ€™ with non-integral type â€˜[01m[Krclcpp::TimerBase::SharedPtr[m[Kâ€™ {aka â€˜[01m[Kstd::shared_ptr<rclcpp::TimerBase>[m[Kâ€™}
   15 |     rclcpp::TimerBase::SharedPtr [01;31m[Ktimer_[m[K:
      |                                  [01;31m[K^~~~~~[m[K
[01m[K/home/emmm/Desktop/rm/ROS2/learn/chapter5/tf_ws/src/demo_cpp_tf/src/dynamic_tf_broadcaster.cpp:15:40:[m[K [01;31m[Kerror: [m[Kexpected â€˜[01m[K;[m[Kâ€™ at end of member declaration
   15 |     rclcpp::TimerBase::SharedPtr timer_[01;31m[K:[m[K
      |                                        [01;31m[K^[m[K
      |                                         [32m[K;[m[K
[01m[K/home/emmm/Desktop/rm/ROS2/learn/chapter5/tf_ws/src/demo_cpp_tf/src/dynamic_tf_broadcaster.cpp:[m[K In constructor â€˜[01m[KTFBroadcaster::TFBroadcaster()[m[Kâ€™:
[01m[K/home/emmm/Desktop/rm/ROS2/learn/chapter5/tf_ws/src/demo_cpp_tf/src/dynamic_tf_broadcaster.cpp:23:9:[m[K [01;31m[Kerror: [m[Kâ€˜[01m[Ktimer_[m[Kâ€™ was not declared in this scope; did you mean â€˜[01m[Ktimer_t[m[Kâ€™?
   23 |         [01;31m[Ktimer_[m[K = this->create_wall_timer(100ms, std::bind(&TFBroadcaster::publish_tf, this));
      |         [01;31m[K^~~~~~[m[K
      |         [32m[Ktimer_t[m[K
gmake[2]: *** [CMakeFiles/dynamic_tf_broadcaster.dir/build.make:76: CMakeFiles/dynamic_tf_broadcaster.dir/src/dynamic_tf_broadcaster.cpp.o] Error 1
gmake[1]: *** [CMakeFiles/Makefile2:165: CMakeFiles/dynamic_tf_broadcaster.dir/all] Error 2
gmake[1]: *** Waiting for unfinished jobs....
gmake: *** [Makefile:146: all] Error 2
