-- Found ament_cmake: 1.3.12 (/opt/ros/humble/share/ament_cmake/cmake)
-- Found rclcpp: 16.0.17 (/opt/ros/humble/share/rclcpp/cmake)
-- Found rosidl_generator_c: 3.1.8 (/opt/ros/humble/share/rosidl_generator_c/cmake)
-- Found rosidl_adapter: 3.1.8 (/opt/ros/humble/share/rosidl_adapter/cmake)
-- Found rosidl_generator_cpp: 3.1.8 (/opt/ros/humble/share/rosidl_generator_cpp/cmake)
-- Using all available rosidl_typesupport_c: rosidl_typesupport_fastrtps_c;rosidl_typesupport_introspection_c
-- Using all available rosidl_typesupport_cpp: rosidl_typesupport_fastrtps_cpp;rosidl_typesupport_introspection_cpp
-- Found rmw_implementation_cmake: 6.1.2 (/opt/ros/humble/share/rmw_implementation_cmake/cmake)
-- Found rmw_fastrtps_cpp: 6.2.9 (/opt/ros/humble/share/rmw_fastrtps_cpp/cmake)
-- Using RMW implementation 'rmw_fastrtps_cpp' as default
-- Found tf2_ros: 0.25.18 (/opt/ros/humble/share/tf2_ros/cmake)
-- Found tf2_geometry_msgs: 0.25.18 (/opt/ros/humble/share/tf2_geometry_msgs/cmake)
-- Found eigen3_cmake_module: 0.1.1 (/opt/ros/humble/share/eigen3_cmake_module/cmake)
-- Ensuring Eigen3 include directory is part of orocos-kdl CMake target
-- Found ament_lint_auto: 0.12.14 (/opt/ros/humble/share/ament_lint_auto/cmake)
-- Added test 'cppcheck' to perform static code analysis on C / C++ code
-- Configured cppcheck include dirs: 
-- Configured cppcheck exclude dirs and/or files: 
-- Added test 'lint_cmake' to check CMake code style
-- Added test 'uncrustify' to check C / C++ code style
-- Configured uncrustify additional arguments: 
-- Added test 'xmllint' to check XML markup files
-- Configuring done
-- Generating done
-- Build files have been written to: /home/emmm/Desktop/rm/ROS2/learn/chapter5/tf_ws/build/demo_cpp_tf
[35m[1mConsolidate compiler generated dependencies of target static_tf_broadcaster[0m
[ 25%] [32mBuilding CXX object CMakeFiles/dynamic_tf_broadcaster.dir/src/dynamic_tf_broadcaster.cpp.o[0m
[ 50%] [32mBuilding CXX object CMakeFiles/static_tf_broadcaster.dir/src/static_tf_broadcaster.cpp.o[0m
[01m[K/home/emmm/Desktop/rm/ROS2/learn/chapter5/tf_ws/src/demo_cpp_tf/src/dynamic_tf_broadcaster.cpp:17:1:[m[K [01;31m[Kerror: [m[Kexpected primary-expression before â€˜[01m[Kpublic[m[Kâ€™
   17 | [01;31m[Kpublic[m[K:
      | [01;31m[K^~~~~~[m[K
[01m[K/home/emmm/Desktop/rm/ROS2/learn/chapter5/tf_ws/src/demo_cpp_tf/src/dynamic_tf_broadcaster.cpp:15:34:[m[K [01;31m[Kerror: [m[Kbit-field â€˜[01m[Ktimer_[m[Kâ€™ with non-integral type â€˜[01m[Krclcpp::TimerBase::SharedPtr[m[Kâ€™ {aka â€˜[01m[Kstd::shared_ptr<rclcpp::TimerBase>[m[Kâ€™}
   15 |     rclcpp::TimerBase::SharedPtr [01;31m[Ktimer_[m[K:
      |                                  [01;31m[K^~~~~~[m[K
[01m[K/home/emmm/Desktop/rm/ROS2/learn/chapter5/tf_ws/src/demo_cpp_tf/src/dynamic_tf_broadcaster.cpp:15:40:[m[K [01;31m[Kerror: [m[Kexpected â€˜[01m[K;[m[Kâ€™ at end of member declaration
   15 |     rclcpp::TimerBase::SharedPtr timer_[01;31m[K:[m[K
      |                                        [01;31m[K^[m[K
      |                                         [32m[K;[m[K
[01m[K/home/emmm/Desktop/rm/ROS2/learn/chapter5/tf_ws/src/demo_cpp_tf/src/dynamic_tf_broadcaster.cpp:[m[K In constructor â€˜[01m[KTFBroadcaster::TFBroadcaster()[m[Kâ€™:
[01m[K/home/emmm/Desktop/rm/ROS2/learn/chapter5/tf_ws/src/demo_cpp_tf/src/dynamic_tf_broadcaster.cpp:23:9:[m[K [01;31m[Kerror: [m[Kâ€˜[01m[Ktimer_[m[Kâ€™ was not declared in this scope; did you mean â€˜[01m[Ktimer_t[m[Kâ€™?
   23 |         [01;31m[Ktimer_[m[K = this->create_wall_timer(100ms, std::bind(&TFBroadcaster::publish_tf, this));
      |         [01;31m[K^~~~~~[m[K
      |         [32m[Ktimer_t[m[K
gmake[2]: *** [CMakeFiles/dynamic_tf_broadcaster.dir/build.make:76: CMakeFiles/dynamic_tf_broadcaster.dir/src/dynamic_tf_broadcaster.cpp.o] Error 1
gmake[1]: *** [CMakeFiles/Makefile2:165: CMakeFiles/dynamic_tf_broadcaster.dir/all] Error 2
gmake[1]: *** Waiting for unfinished jobs....
[ 75%] [32m[1mLinking CXX executable static_tf_broadcaster[0m
[ 75%] Built target static_tf_broadcaster
gmake: *** [Makefile:146: all] Error 2
