Determining if the pthread_kill exist failed with the following output:
Change Dir: /home/emmm/Desktop/rm/ROS2/learn/chapter3/fastdds_ws/build/fastdds/CMakeFiles/CMakeTmp

Run Build Command(s):/usr/bin/gmake -f Makefile cmTC_56460/fast && /usr/bin/gmake  -f CMakeFiles/cmTC_56460.dir/build.make CMakeFiles/cmTC_56460.dir/build
gmake[1]: Entering directory '/home/emmm/Desktop/rm/ROS2/learn/chapter3/fastdds_ws/build/fastdds/CMakeFiles/CMakeTmp'
Building C object CMakeFiles/cmTC_56460.dir/CheckSymbolExists.c.o
/usr/bin/cc    -o CMakeFiles/cmTC_56460.dir/CheckSymbolExists.c.o -c /home/emmm/Desktop/rm/ROS2/learn/chapter3/fastdds_ws/build/fastdds/CMakeFiles/CMakeTmp/CheckSymbolExists.c
/home/emmm/Desktop/rm/ROS2/learn/chapter3/fastdds_ws/build/fastdds/CMakeFiles/CMakeTmp/CheckSymbolExists.c: In function ‘main’:
/home/emmm/Desktop/rm/ROS2/learn/chapter3/fastdds_ws/build/fastdds/CMakeFiles/CMakeTmp/CheckSymbolExists.c:8:19: error: ‘pthread_kill’ undeclared (first use in this function); did you mean ‘pthread_self’?
    8 |   return ((int*)(&pthread_kill))[argc];
      |                   ^~~~~~~~~~~~
      |                   pthread_self
/home/emmm/Desktop/rm/ROS2/learn/chapter3/fastdds_ws/build/fastdds/CMakeFiles/CMakeTmp/CheckSymbolExists.c:8:19: note: each undeclared identifier is reported only once for each function it appears in
gmake[1]: *** [CMakeFiles/cmTC_56460.dir/build.make:78: CMakeFiles/cmTC_56460.dir/CheckSymbolExists.c.o] Error 1
gmake[1]: Leaving directory '/home/emmm/Desktop/rm/ROS2/learn/chapter3/fastdds_ws/build/fastdds/CMakeFiles/CMakeTmp'
gmake: *** [Makefile:127: cmTC_56460/fast] Error 2


File /home/emmm/Desktop/rm/ROS2/learn/chapter3/fastdds_ws/build/fastdds/CMakeFiles/CMakeTmp/CheckSymbolExists.c:
/* */
#include <pthread.h>

int main(int argc, char** argv)
{
  (void)argv;
#ifndef pthread_kill
  return ((int*)(&pthread_kill))[argc];
#else
  (void)argc;
  return 0;
#endif
}
Determining if the function pthread_create exists in the pthreads failed with the following output:
Change Dir: /home/emmm/Desktop/rm/ROS2/learn/chapter3/fastdds_ws/build/fastdds/CMakeFiles/CMakeTmp

Run Build Command(s):/usr/bin/gmake -f Makefile cmTC_90484/fast && /usr/bin/gmake  -f CMakeFiles/cmTC_90484.dir/build.make CMakeFiles/cmTC_90484.dir/build
gmake[1]: Entering directory '/home/emmm/Desktop/rm/ROS2/learn/chapter3/fastdds_ws/build/fastdds/CMakeFiles/CMakeTmp'
Building C object CMakeFiles/cmTC_90484.dir/CheckFunctionExists.c.o
/usr/bin/cc   -DCHECK_FUNCTION_EXISTS=pthread_create -o CMakeFiles/cmTC_90484.dir/CheckFunctionExists.c.o -c /usr/share/cmake-3.22/Modules/CheckFunctionExists.c
Linking C executable cmTC_90484
/usr/bin/cmake -E cmake_link_script CMakeFiles/cmTC_90484.dir/link.txt --verbose=1
/usr/bin/cc  -DCHECK_FUNCTION_EXISTS=pthread_create CMakeFiles/cmTC_90484.dir/CheckFunctionExists.c.o -o cmTC_90484  -lpthreads 
/usr/bin/ld: cannot find -lpthreads: No such file or directory
collect2: error: ld returned 1 exit status
gmake[1]: *** [CMakeFiles/cmTC_90484.dir/build.make:99: cmTC_90484] Error 1
gmake[1]: Leaving directory '/home/emmm/Desktop/rm/ROS2/learn/chapter3/fastdds_ws/build/fastdds/CMakeFiles/CMakeTmp'
gmake: *** [Makefile:127: cmTC_90484/fast] Error 2



